<?xml version="1.0" encoding="UTF-8"?>
<testsuite xmlns:xsi="http://www.w3.org/2001/XMLSchema-instance" xsi:noNamespaceSchemaLocation="https://maven.apache.org/surefire/maven-surefire-plugin/xsd/surefire-test-report-3.0.xsd" version="3.0" name="contact.ContactTests" time="35.673" tests="1" errors="0" skipped="0" failures="1">
  <properties>
    <property name="java.specification.version" value="20"/>
    <property name="sun.jnu.encoding" value="UTF-8"/>
    <property name="java.class.path" value="/Users/jessicachernicky/workspace/hellotonic/marketing_automation/target/test-classes:/Users/jessicachernicky/workspace/hellotonic/marketing_automation/target/classes:/Users/jessicachernicky/.m2/repository/org/seleniumhq/selenium/selenium-chrome-driver/4.12.1/selenium-chrome-driver-4.12.1.jar:/Users/jessicachernicky/.m2/repository/com/google/auto/service/auto-service-annotations/1.1.1/auto-service-annotations-1.1.1.jar:/Users/jessicachernicky/.m2/repository/com/google/guava/guava/32.1.2-jre/guava-32.1.2-jre.jar:/Users/jessicachernicky/.m2/repository/com/google/guava/failureaccess/1.0.1/failureaccess-1.0.1.jar:/Users/jessicachernicky/.m2/repository/com/google/guava/listenablefuture/9999.0-empty-to-avoid-conflict-with-guava/listenablefuture-9999.0-empty-to-avoid-conflict-with-guava.jar:/Users/jessicachernicky/.m2/repository/com/google/code/findbugs/jsr305/3.0.2/jsr305-3.0.2.jar:/Users/jessicachernicky/.m2/repository/org/checkerframework/checker-qual/3.33.0/checker-qual-3.33.0.jar:/Users/jessicachernicky/.m2/repository/com/google/errorprone/error_prone_annotations/2.18.0/error_prone_annotations-2.18.0.jar:/Users/jessicachernicky/.m2/repository/com/google/j2objc/j2objc-annotations/2.8/j2objc-annotations-2.8.jar:/Users/jessicachernicky/.m2/repository/org/seleniumhq/selenium/selenium-api/4.12.1/selenium-api-4.12.1.jar:/Users/jessicachernicky/.m2/repository/org/seleniumhq/selenium/selenium-chromium-driver/4.12.1/selenium-chromium-driver-4.12.1.jar:/Users/jessicachernicky/.m2/repository/org/seleniumhq/selenium/selenium-json/4.12.1/selenium-json-4.12.1.jar:/Users/jessicachernicky/.m2/repository/org/seleniumhq/selenium/selenium-manager/4.12.1/selenium-manager-4.12.1.jar:/Users/jessicachernicky/.m2/repository/org/seleniumhq/selenium/selenium-os/4.12.1/selenium-os-4.12.1.jar:/Users/jessicachernicky/.m2/repository/org/apache/commons/commons-exec/1.3/commons-exec-1.3.jar:/Users/jessicachernicky/.m2/repository/org/seleniumhq/selenium/selenium-remote-driver/4.12.1/selenium-remote-driver-4.12.1.jar:/Users/jessicachernicky/.m2/repository/io/netty/netty-buffer/4.1.96.Final/netty-buffer-4.1.96.Final.jar:/Users/jessicachernicky/.m2/repository/io/netty/netty-codec-http/4.1.96.Final/netty-codec-http-4.1.96.Final.jar:/Users/jessicachernicky/.m2/repository/io/netty/netty-codec/4.1.96.Final/netty-codec-4.1.96.Final.jar:/Users/jessicachernicky/.m2/repository/io/netty/netty-handler/4.1.96.Final/netty-handler-4.1.96.Final.jar:/Users/jessicachernicky/.m2/repository/io/netty/netty-common/4.1.96.Final/netty-common-4.1.96.Final.jar:/Users/jessicachernicky/.m2/repository/io/netty/netty-transport-classes-epoll/4.1.96.Final/netty-transport-classes-epoll-4.1.96.Final.jar:/Users/jessicachernicky/.m2/repository/io/netty/netty-transport-classes-kqueue/4.1.96.Final/netty-transport-classes-kqueue-4.1.96.Final.jar:/Users/jessicachernicky/.m2/repository/io/netty/netty-transport-native-epoll/4.1.96.Final/netty-transport-native-epoll-4.1.96.Final.jar:/Users/jessicachernicky/.m2/repository/io/netty/netty-transport-native-kqueue/4.1.96.Final/netty-transport-native-kqueue-4.1.96.Final.jar:/Users/jessicachernicky/.m2/repository/io/netty/netty-transport-native-unix-common/4.1.96.Final/netty-transport-native-unix-common-4.1.96.Final.jar:/Users/jessicachernicky/.m2/repository/io/netty/netty-transport/4.1.96.Final/netty-transport-4.1.96.Final.jar:/Users/jessicachernicky/.m2/repository/io/netty/netty-resolver/4.1.96.Final/netty-resolver-4.1.96.Final.jar:/Users/jessicachernicky/.m2/repository/io/opentelemetry/opentelemetry-api/1.28.0/opentelemetry-api-1.28.0.jar:/Users/jessicachernicky/.m2/repository/io/opentelemetry/opentelemetry-context/1.28.0/opentelemetry-context-1.28.0.jar:/Users/jessicachernicky/.m2/repository/io/opentelemetry/opentelemetry-exporter-logging/1.28.0/opentelemetry-exporter-logging-1.28.0.jar:/Users/jessicachernicky/.m2/repository/io/opentelemetry/opentelemetry-sdk-metrics/1.28.0/opentelemetry-sdk-metrics-1.28.0.jar:/Users/jessicachernicky/.m2/repository/io/opentelemetry/opentelemetry-extension-incubator/1.28.0-alpha/opentelemetry-extension-incubator-1.28.0-alpha.jar:/Users/jessicachernicky/.m2/repository/io/opentelemetry/opentelemetry-sdk-logs/1.28.0/opentelemetry-sdk-logs-1.28.0.jar:/Users/jessicachernicky/.m2/repository/io/opentelemetry/opentelemetry-sdk-common/1.28.0/opentelemetry-sdk-common-1.28.0.jar:/Users/jessicachernicky/.m2/repository/io/opentelemetry/opentelemetry-sdk-extension-autoconfigure-spi/1.28.0/opentelemetry-sdk-extension-autoconfigure-spi-1.28.0.jar:/Users/jessicachernicky/.m2/repository/io/opentelemetry/opentelemetry-sdk-extension-autoconfigure/1.28.0/opentelemetry-sdk-extension-autoconfigure-1.28.0.jar:/Users/jessicachernicky/.m2/repository/io/opentelemetry/opentelemetry-api-events/1.28.0-alpha/opentelemetry-api-events-1.28.0-alpha.jar:/Users/jessicachernicky/.m2/repository/io/opentelemetry/opentelemetry-sdk-trace/1.28.0/opentelemetry-sdk-trace-1.28.0.jar:/Users/jessicachernicky/.m2/repository/io/opentelemetry/opentelemetry-sdk/1.28.0/opentelemetry-sdk-1.28.0.jar:/Users/jessicachernicky/.m2/repository/io/opentelemetry/opentelemetry-semconv/1.28.0-alpha/opentelemetry-semconv-1.28.0-alpha.jar:/Users/jessicachernicky/.m2/repository/net/bytebuddy/byte-buddy/1.14.5/byte-buddy-1.14.5.jar:/Users/jessicachernicky/.m2/repository/org/asynchttpclient/async-http-client/2.12.3/async-http-client-2.12.3.jar:/Users/jessicachernicky/.m2/repository/org/asynchttpclient/async-http-client-netty-utils/2.12.3/async-http-client-netty-utils-2.12.3.jar:/Users/jessicachernicky/.m2/repository/io/netty/netty-codec-socks/4.1.60.Final/netty-codec-socks-4.1.60.Final.jar:/Users/jessicachernicky/.m2/repository/io/netty/netty-handler-proxy/4.1.60.Final/netty-handler-proxy-4.1.60.Final.jar:/Users/jessicachernicky/.m2/repository/io/netty/netty-transport-native-epoll/4.1.60.Final/netty-transport-native-epoll-4.1.60.Final-linux-x86_64.jar:/Users/jessicachernicky/.m2/repository/io/netty/netty-transport-native-kqueue/4.1.60.Final/netty-transport-native-kqueue-4.1.60.Final-osx-x86_64.jar:/Users/jessicachernicky/.m2/repository/org/reactivestreams/reactive-streams/1.0.3/reactive-streams-1.0.3.jar:/Users/jessicachernicky/.m2/repository/com/typesafe/netty/netty-reactive-streams/2.0.4/netty-reactive-streams-2.0.4.jar:/Users/jessicachernicky/.m2/repository/com/sun/activation/jakarta.activation/1.2.2/jakarta.activation-1.2.2.jar:/Users/jessicachernicky/.m2/repository/junit/junit/4.13.2/junit-4.13.2.jar:/Users/jessicachernicky/.m2/repository/org/hamcrest/hamcrest-core/1.3/hamcrest-core-1.3.jar:/Users/jessicachernicky/.m2/repository/org/seleniumhq/selenium/selenium-http-jdk-client/4.12.1/selenium-http-jdk-client-4.12.1.jar:/Users/jessicachernicky/.m2/repository/org/seleniumhq/selenium/selenium-http/4.12.1/selenium-http-4.12.1.jar:/Users/jessicachernicky/.m2/repository/dev/failsafe/failsafe/3.3.2/failsafe-3.3.2.jar:/Users/jessicachernicky/.m2/repository/org/testng/testng/7.7.1/testng-7.7.1.jar:/Users/jessicachernicky/.m2/repository/com/beust/jcommander/1.82/jcommander-1.82.jar:/Users/jessicachernicky/.m2/repository/org/webjars/jquery/3.6.1/jquery-3.6.1.jar:/Users/jessicachernicky/.m2/repository/org/seleniumhq/selenium/selenium-java/4.12.1/selenium-java-4.12.1.jar:/Users/jessicachernicky/.m2/repository/org/seleniumhq/selenium/selenium-devtools-v114/4.12.1/selenium-devtools-v114-4.12.1.jar:/Users/jessicachernicky/.m2/repository/org/seleniumhq/selenium/selenium-devtools-v115/4.12.1/selenium-devtools-v115-4.12.1.jar:/Users/jessicachernicky/.m2/repository/org/seleniumhq/selenium/selenium-devtools-v116/4.12.1/selenium-devtools-v116-4.12.1.jar:/Users/jessicachernicky/.m2/repository/org/seleniumhq/selenium/selenium-devtools-v85/4.12.1/selenium-devtools-v85-4.12.1.jar:/Users/jessicachernicky/.m2/repository/org/seleniumhq/selenium/selenium-edge-driver/4.12.1/selenium-edge-driver-4.12.1.jar:/Users/jessicachernicky/.m2/repository/org/seleniumhq/selenium/selenium-firefox-driver/4.12.1/selenium-firefox-driver-4.12.1.jar:/Users/jessicachernicky/.m2/repository/org/seleniumhq/selenium/selenium-ie-driver/4.12.1/selenium-ie-driver-4.12.1.jar:/Users/jessicachernicky/.m2/repository/org/seleniumhq/selenium/selenium-safari-driver/4.12.1/selenium-safari-driver-4.12.1.jar:/Users/jessicachernicky/.m2/repository/org/seleniumhq/selenium/selenium-support/4.12.1/selenium-support-4.12.1.jar:/Users/jessicachernicky/.m2/repository/org/slf4j/slf4j-api/2.0.7/slf4j-api-2.0.7.jar:/Users/jessicachernicky/.m2/repository/org/slf4j/slf4j-simple/2.0.5/slf4j-simple-2.0.5.jar:/Users/jessicachernicky/.m2/repository/com/mysql/mysql-connector-j/8.0.33/mysql-connector-j-8.0.33.jar:/Users/jessicachernicky/.m2/repository/com/google/protobuf/protobuf-java/3.21.9/protobuf-java-3.21.9.jar:"/>
    <property name="java.vm.vendor" value="Oracle Corporation"/>
    <property name="sun.arch.data.model" value="64"/>
    <property name="java.vendor.url" value="https://java.oracle.com/"/>
    <property name="user.timezone" value="America/Denver"/>
    <property name="os.name" value="Mac OS X"/>
    <property name="java.vm.specification.version" value="20"/>
    <property name="sun.java.launcher" value="SUN_STANDARD"/>
    <property name="user.country" value="US"/>
    <property name="sun.boot.library.path" value="/Library/Java/JavaVirtualMachines/jdk-20.jdk/Contents/Home/lib"/>
    <property name="sun.java.command" value="/Users/jessicachernicky/workspace/hellotonic/marketing_automation/target/surefire/surefirebooter-20241021005251048_3.jar /Users/jessicachernicky/workspace/hellotonic/marketing_automation/target/surefire 2024-10-21T00-52-51_002-jvmRun1 surefire-20241021005251048_1tmp surefire_0-20241021005251048_2tmp"/>
    <property name="http.nonProxyHosts" value="local|*.local|169.254/16|*.169.254/16"/>
    <property name="jdk.debug" value="release"/>
    <property name="surefire.test.class.path" value="/Users/jessicachernicky/workspace/hellotonic/marketing_automation/target/test-classes:/Users/jessicachernicky/workspace/hellotonic/marketing_automation/target/classes:/Users/jessicachernicky/.m2/repository/org/seleniumhq/selenium/selenium-chrome-driver/4.12.1/selenium-chrome-driver-4.12.1.jar:/Users/jessicachernicky/.m2/repository/com/google/auto/service/auto-service-annotations/1.1.1/auto-service-annotations-1.1.1.jar:/Users/jessicachernicky/.m2/repository/com/google/guava/guava/32.1.2-jre/guava-32.1.2-jre.jar:/Users/jessicachernicky/.m2/repository/com/google/guava/failureaccess/1.0.1/failureaccess-1.0.1.jar:/Users/jessicachernicky/.m2/repository/com/google/guava/listenablefuture/9999.0-empty-to-avoid-conflict-with-guava/listenablefuture-9999.0-empty-to-avoid-conflict-with-guava.jar:/Users/jessicachernicky/.m2/repository/com/google/code/findbugs/jsr305/3.0.2/jsr305-3.0.2.jar:/Users/jessicachernicky/.m2/repository/org/checkerframework/checker-qual/3.33.0/checker-qual-3.33.0.jar:/Users/jessicachernicky/.m2/repository/com/google/errorprone/error_prone_annotations/2.18.0/error_prone_annotations-2.18.0.jar:/Users/jessicachernicky/.m2/repository/com/google/j2objc/j2objc-annotations/2.8/j2objc-annotations-2.8.jar:/Users/jessicachernicky/.m2/repository/org/seleniumhq/selenium/selenium-api/4.12.1/selenium-api-4.12.1.jar:/Users/jessicachernicky/.m2/repository/org/seleniumhq/selenium/selenium-chromium-driver/4.12.1/selenium-chromium-driver-4.12.1.jar:/Users/jessicachernicky/.m2/repository/org/seleniumhq/selenium/selenium-json/4.12.1/selenium-json-4.12.1.jar:/Users/jessicachernicky/.m2/repository/org/seleniumhq/selenium/selenium-manager/4.12.1/selenium-manager-4.12.1.jar:/Users/jessicachernicky/.m2/repository/org/seleniumhq/selenium/selenium-os/4.12.1/selenium-os-4.12.1.jar:/Users/jessicachernicky/.m2/repository/org/apache/commons/commons-exec/1.3/commons-exec-1.3.jar:/Users/jessicachernicky/.m2/repository/org/seleniumhq/selenium/selenium-remote-driver/4.12.1/selenium-remote-driver-4.12.1.jar:/Users/jessicachernicky/.m2/repository/io/netty/netty-buffer/4.1.96.Final/netty-buffer-4.1.96.Final.jar:/Users/jessicachernicky/.m2/repository/io/netty/netty-codec-http/4.1.96.Final/netty-codec-http-4.1.96.Final.jar:/Users/jessicachernicky/.m2/repository/io/netty/netty-codec/4.1.96.Final/netty-codec-4.1.96.Final.jar:/Users/jessicachernicky/.m2/repository/io/netty/netty-handler/4.1.96.Final/netty-handler-4.1.96.Final.jar:/Users/jessicachernicky/.m2/repository/io/netty/netty-common/4.1.96.Final/netty-common-4.1.96.Final.jar:/Users/jessicachernicky/.m2/repository/io/netty/netty-transport-classes-epoll/4.1.96.Final/netty-transport-classes-epoll-4.1.96.Final.jar:/Users/jessicachernicky/.m2/repository/io/netty/netty-transport-classes-kqueue/4.1.96.Final/netty-transport-classes-kqueue-4.1.96.Final.jar:/Users/jessicachernicky/.m2/repository/io/netty/netty-transport-native-epoll/4.1.96.Final/netty-transport-native-epoll-4.1.96.Final.jar:/Users/jessicachernicky/.m2/repository/io/netty/netty-transport-native-kqueue/4.1.96.Final/netty-transport-native-kqueue-4.1.96.Final.jar:/Users/jessicachernicky/.m2/repository/io/netty/netty-transport-native-unix-common/4.1.96.Final/netty-transport-native-unix-common-4.1.96.Final.jar:/Users/jessicachernicky/.m2/repository/io/netty/netty-transport/4.1.96.Final/netty-transport-4.1.96.Final.jar:/Users/jessicachernicky/.m2/repository/io/netty/netty-resolver/4.1.96.Final/netty-resolver-4.1.96.Final.jar:/Users/jessicachernicky/.m2/repository/io/opentelemetry/opentelemetry-api/1.28.0/opentelemetry-api-1.28.0.jar:/Users/jessicachernicky/.m2/repository/io/opentelemetry/opentelemetry-context/1.28.0/opentelemetry-context-1.28.0.jar:/Users/jessicachernicky/.m2/repository/io/opentelemetry/opentelemetry-exporter-logging/1.28.0/opentelemetry-exporter-logging-1.28.0.jar:/Users/jessicachernicky/.m2/repository/io/opentelemetry/opentelemetry-sdk-metrics/1.28.0/opentelemetry-sdk-metrics-1.28.0.jar:/Users/jessicachernicky/.m2/repository/io/opentelemetry/opentelemetry-extension-incubator/1.28.0-alpha/opentelemetry-extension-incubator-1.28.0-alpha.jar:/Users/jessicachernicky/.m2/repository/io/opentelemetry/opentelemetry-sdk-logs/1.28.0/opentelemetry-sdk-logs-1.28.0.jar:/Users/jessicachernicky/.m2/repository/io/opentelemetry/opentelemetry-sdk-common/1.28.0/opentelemetry-sdk-common-1.28.0.jar:/Users/jessicachernicky/.m2/repository/io/opentelemetry/opentelemetry-sdk-extension-autoconfigure-spi/1.28.0/opentelemetry-sdk-extension-autoconfigure-spi-1.28.0.jar:/Users/jessicachernicky/.m2/repository/io/opentelemetry/opentelemetry-sdk-extension-autoconfigure/1.28.0/opentelemetry-sdk-extension-autoconfigure-1.28.0.jar:/Users/jessicachernicky/.m2/repository/io/opentelemetry/opentelemetry-api-events/1.28.0-alpha/opentelemetry-api-events-1.28.0-alpha.jar:/Users/jessicachernicky/.m2/repository/io/opentelemetry/opentelemetry-sdk-trace/1.28.0/opentelemetry-sdk-trace-1.28.0.jar:/Users/jessicachernicky/.m2/repository/io/opentelemetry/opentelemetry-sdk/1.28.0/opentelemetry-sdk-1.28.0.jar:/Users/jessicachernicky/.m2/repository/io/opentelemetry/opentelemetry-semconv/1.28.0-alpha/opentelemetry-semconv-1.28.0-alpha.jar:/Users/jessicachernicky/.m2/repository/net/bytebuddy/byte-buddy/1.14.5/byte-buddy-1.14.5.jar:/Users/jessicachernicky/.m2/repository/org/asynchttpclient/async-http-client/2.12.3/async-http-client-2.12.3.jar:/Users/jessicachernicky/.m2/repository/org/asynchttpclient/async-http-client-netty-utils/2.12.3/async-http-client-netty-utils-2.12.3.jar:/Users/jessicachernicky/.m2/repository/io/netty/netty-codec-socks/4.1.60.Final/netty-codec-socks-4.1.60.Final.jar:/Users/jessicachernicky/.m2/repository/io/netty/netty-handler-proxy/4.1.60.Final/netty-handler-proxy-4.1.60.Final.jar:/Users/jessicachernicky/.m2/repository/io/netty/netty-transport-native-epoll/4.1.60.Final/netty-transport-native-epoll-4.1.60.Final-linux-x86_64.jar:/Users/jessicachernicky/.m2/repository/io/netty/netty-transport-native-kqueue/4.1.60.Final/netty-transport-native-kqueue-4.1.60.Final-osx-x86_64.jar:/Users/jessicachernicky/.m2/repository/org/reactivestreams/reactive-streams/1.0.3/reactive-streams-1.0.3.jar:/Users/jessicachernicky/.m2/repository/com/typesafe/netty/netty-reactive-streams/2.0.4/netty-reactive-streams-2.0.4.jar:/Users/jessicachernicky/.m2/repository/com/sun/activation/jakarta.activation/1.2.2/jakarta.activation-1.2.2.jar:/Users/jessicachernicky/.m2/repository/junit/junit/4.13.2/junit-4.13.2.jar:/Users/jessicachernicky/.m2/repository/org/hamcrest/hamcrest-core/1.3/hamcrest-core-1.3.jar:/Users/jessicachernicky/.m2/repository/org/seleniumhq/selenium/selenium-http-jdk-client/4.12.1/selenium-http-jdk-client-4.12.1.jar:/Users/jessicachernicky/.m2/repository/org/seleniumhq/selenium/selenium-http/4.12.1/selenium-http-4.12.1.jar:/Users/jessicachernicky/.m2/repository/dev/failsafe/failsafe/3.3.2/failsafe-3.3.2.jar:/Users/jessicachernicky/.m2/repository/org/testng/testng/7.7.1/testng-7.7.1.jar:/Users/jessicachernicky/.m2/repository/com/beust/jcommander/1.82/jcommander-1.82.jar:/Users/jessicachernicky/.m2/repository/org/webjars/jquery/3.6.1/jquery-3.6.1.jar:/Users/jessicachernicky/.m2/repository/org/seleniumhq/selenium/selenium-java/4.12.1/selenium-java-4.12.1.jar:/Users/jessicachernicky/.m2/repository/org/seleniumhq/selenium/selenium-devtools-v114/4.12.1/selenium-devtools-v114-4.12.1.jar:/Users/jessicachernicky/.m2/repository/org/seleniumhq/selenium/selenium-devtools-v115/4.12.1/selenium-devtools-v115-4.12.1.jar:/Users/jessicachernicky/.m2/repository/org/seleniumhq/selenium/selenium-devtools-v116/4.12.1/selenium-devtools-v116-4.12.1.jar:/Users/jessicachernicky/.m2/repository/org/seleniumhq/selenium/selenium-devtools-v85/4.12.1/selenium-devtools-v85-4.12.1.jar:/Users/jessicachernicky/.m2/repository/org/seleniumhq/selenium/selenium-edge-driver/4.12.1/selenium-edge-driver-4.12.1.jar:/Users/jessicachernicky/.m2/repository/org/seleniumhq/selenium/selenium-firefox-driver/4.12.1/selenium-firefox-driver-4.12.1.jar:/Users/jessicachernicky/.m2/repository/org/seleniumhq/selenium/selenium-ie-driver/4.12.1/selenium-ie-driver-4.12.1.jar:/Users/jessicachernicky/.m2/repository/org/seleniumhq/selenium/selenium-safari-driver/4.12.1/selenium-safari-driver-4.12.1.jar:/Users/jessicachernicky/.m2/repository/org/seleniumhq/selenium/selenium-support/4.12.1/selenium-support-4.12.1.jar:/Users/jessicachernicky/.m2/repository/org/slf4j/slf4j-api/2.0.7/slf4j-api-2.0.7.jar:/Users/jessicachernicky/.m2/repository/org/slf4j/slf4j-simple/2.0.5/slf4j-simple-2.0.5.jar:/Users/jessicachernicky/.m2/repository/com/mysql/mysql-connector-j/8.0.33/mysql-connector-j-8.0.33.jar:/Users/jessicachernicky/.m2/repository/com/google/protobuf/protobuf-java/3.21.9/protobuf-java-3.21.9.jar:"/>
    <property name="sun.cpu.endian" value="little"/>
    <property name="user.home" value="/Users/jessicachernicky"/>
    <property name="user.language" value="en"/>
    <property name="java.specification.vendor" value="Oracle Corporation"/>
    <property name="java.version.date" value="2023-03-21"/>
    <property name="java.home" value="/Library/Java/JavaVirtualMachines/jdk-20.jdk/Contents/Home"/>
    <property name="file.separator" value="/"/>
    <property name="basedir" value="/Users/jessicachernicky/workspace/hellotonic/marketing_automation"/>
    <property name="java.vm.compressedOopsMode" value="Zero based"/>
    <property name="line.separator" value="&#10;"/>
    <property name="java.vm.specification.vendor" value="Oracle Corporation"/>
    <property name="java.specification.name" value="Java Platform API Specification"/>
    <property name="apple.awt.application.name" value="ForkedBooter"/>
    <property name="surefire.real.class.path" value="/Users/jessicachernicky/workspace/hellotonic/marketing_automation/target/surefire/surefirebooter-20241021005251048_3.jar"/>
    <property name="sun.management.compiler" value="HotSpot 64-Bit Tiered Compilers"/>
    <property name="ftp.nonProxyHosts" value="local|*.local|169.254/16|*.169.254/16"/>
    <property name="java.runtime.version" value="20+36-2344"/>
    <property name="user.name" value="jessicachernicky"/>
    <property name="stdout.encoding" value="UTF-8"/>
    <property name="path.separator" value=":"/>
    <property name="os.version" value="14.6.1"/>
    <property name="java.runtime.name" value="Java(TM) SE Runtime Environment"/>
    <property name="file.encoding" value="UTF-8"/>
    <property name="java.vm.name" value="Java HotSpot(TM) 64-Bit Server VM"/>
    <property name="localRepository" value="/Users/jessicachernicky/.m2/repository"/>
    <property name="java.vendor.url.bug" value="https://bugreport.java.com/bugreport/"/>
    <property name="java.io.tmpdir" value="/var/folders/5v/sblx_6b90cb7wldrzsl990yr0000gn/T/"/>
    <property name="java.version" value="20"/>
    <property name="user.dir" value="/Users/jessicachernicky/workspace/hellotonic/marketing_automation"/>
    <property name="os.arch" value="aarch64"/>
    <property name="java.vm.specification.name" value="Java Virtual Machine Specification"/>
    <property name="native.encoding" value="UTF-8"/>
    <property name="java.library.path" value="/Users/jessicachernicky/Library/Java/Extensions:/Library/Java/Extensions:/Network/Library/Java/Extensions:/System/Library/Java/Extensions:/usr/lib/java:."/>
    <property name="java.vm.info" value="mixed mode, sharing"/>
    <property name="stderr.encoding" value="UTF-8"/>
    <property name="java.vendor" value="Oracle Corporation"/>
    <property name="java.vm.version" value="20+36-2344"/>
    <property name="sun.io.unicode.encoding" value="UnicodeBig"/>
    <property name="socksNonProxyHosts" value="local|*.local|169.254/16|*.169.254/16"/>
    <property name="java.class.version" value="64.0"/>
    <property name="webdriver.http.factory" value="jdk-http-client"/>
  </properties>
  <testcase name="contactTest" classname="contact.ContactTests" time="31.982">
    <failure message="no such element: Unable to locate element: {&quot;method&quot;:&quot;xpath&quot;,&quot;selector&quot;:&quot;//body[1]/div[1]/header[1]/div[1]/div[1]/div[1]/div[2]/ul[1]/div[1]/li[5]/button[1]&quot;}&#10;  (Session info: chrome=129.0.6668.101)&#10;For documentation on this error, please visit: https://www.selenium.dev/documentation/webdriver/troubleshooting/errors#no-such-element-exception&#10;Build info: version: &apos;4.12.1&apos;, revision: &apos;8e34639b11&apos;&#10;System info: os.name: &apos;Mac OS X&apos;, os.arch: &apos;aarch64&apos;, os.version: &apos;14.6.1&apos;, java.version: &apos;20&apos;&#10;Driver info: org.openqa.selenium.chrome.ChromeDriver&#10;Command: [2844b12e1f92e884e59cccb006283d0a, findElement {using=xpath, value=//body[1]/div[1]/header[1]/div[1]/div[1]/div[1]/div[2]/ul[1]/div[1]/li[5]/button[1]}]&#10;Capabilities {acceptInsecureCerts: false, browserName: chrome, browserVersion: 129.0.6668.101, chrome: {chromedriverVersion: 129.0.6668.100 (cf58cba358d..., userDataDir: /var/folders/5v/sblx_6b90cb...}, fedcm:accounts: true, goog:chromeOptions: {debuggerAddress: localhost:51938}, networkConnectionEnabled: false, pageLoadStrategy: normal, platformName: mac, proxy: Proxy(), se:cdp: ws://localhost:51938/devtoo..., se:cdpVersion: 129.0.6668.101, setWindowRect: true, strictFileInteractability: false, timeouts: {implicit: 0, pageLoad: 300000, script: 30000}, unhandledPromptBehavior: dismiss and notify, webauthn:extension:credBlob: true, webauthn:extension:largeBlob: true, webauthn:extension:minPinLength: true, webauthn:extension:prf: true, webauthn:virtualAuthenticators: true}&#10;Session ID: 2844b12e1f92e884e59cccb006283d0a" type="org.openqa.selenium.NoSuchElementException"><![CDATA[org.openqa.selenium.NoSuchElementException: 
no such element: Unable to locate element: {"method":"xpath","selector":"//body[1]/div[1]/header[1]/div[1]/div[1]/div[1]/div[2]/ul[1]/div[1]/li[5]/button[1]"}
  (Session info: chrome=129.0.6668.101)
For documentation on this error, please visit: https://www.selenium.dev/documentation/webdriver/troubleshooting/errors#no-such-element-exception
Build info: version: '4.12.1', revision: '8e34639b11'
System info: os.name: 'Mac OS X', os.arch: 'aarch64', os.version: '14.6.1', java.version: '20'
Driver info: org.openqa.selenium.chrome.ChromeDriver
Command: [2844b12e1f92e884e59cccb006283d0a, findElement {using=xpath, value=//body[1]/div[1]/header[1]/div[1]/div[1]/div[1]/div[2]/ul[1]/div[1]/li[5]/button[1]}]
Capabilities {acceptInsecureCerts: false, browserName: chrome, browserVersion: 129.0.6668.101, chrome: {chromedriverVersion: 129.0.6668.100 (cf58cba358d..., userDataDir: /var/folders/5v/sblx_6b90cb...}, fedcm:accounts: true, goog:chromeOptions: {debuggerAddress: localhost:51938}, networkConnectionEnabled: false, pageLoadStrategy: normal, platformName: mac, proxy: Proxy(), se:cdp: ws://localhost:51938/devtoo..., se:cdpVersion: 129.0.6668.101, setWindowRect: true, strictFileInteractability: false, timeouts: {implicit: 0, pageLoad: 300000, script: 30000}, unhandledPromptBehavior: dismiss and notify, webauthn:extension:credBlob: true, webauthn:extension:largeBlob: true, webauthn:extension:minPinLength: true, webauthn:extension:prf: true, webauthn:virtualAuthenticators: true}
Session ID: 2844b12e1f92e884e59cccb006283d0a
	at java.base/jdk.internal.reflect.DirectConstructorHandleAccessor.newInstance(DirectConstructorHandleAccessor.java:67)
	at java.base/java.lang.reflect.Constructor.newInstanceWithCaller(Constructor.java:500)
	at java.base/java.lang.reflect.Constructor.newInstance(Constructor.java:484)
	at org.openqa.selenium.remote.codec.w3c.W3CHttpResponseCodec.createException(W3CHttpResponseCodec.java:200)
	at org.openqa.selenium.remote.codec.w3c.W3CHttpResponseCodec.decode(W3CHttpResponseCodec.java:133)
	at org.openqa.selenium.remote.codec.w3c.W3CHttpResponseCodec.decode(W3CHttpResponseCodec.java:52)
	at org.openqa.selenium.remote.HttpCommandExecutor.execute(HttpCommandExecutor.java:191)
	at org.openqa.selenium.remote.service.DriverCommandExecutor.invokeExecute(DriverCommandExecutor.java:196)
	at org.openqa.selenium.remote.service.DriverCommandExecutor.execute(DriverCommandExecutor.java:171)
	at org.openqa.selenium.remote.RemoteWebDriver.execute(RemoteWebDriver.java:602)
	at org.openqa.selenium.remote.ElementLocation$ElementFinder$2.findElement(ElementLocation.java:165)
	at org.openqa.selenium.remote.ElementLocation.findElement(ElementLocation.java:59)
	at org.openqa.selenium.remote.RemoteWebDriver.findElement(RemoteWebDriver.java:359)
	at org.openqa.selenium.remote.RemoteWebDriver.findElement(RemoteWebDriver.java:353)
	at org.openqa.selenium.support.pagefactory.DefaultElementLocator.findElement(DefaultElementLocator.java:68)
	at org.openqa.selenium.support.pagefactory.internal.LocatingElementHandler.invoke(LocatingElementHandler.java:38)
	at jdk.proxy2/jdk.proxy2.$Proxy8.click(Unknown Source)
	at pages.HomePage.clickOnContactButton(HomePage.java:29)
	at contact.ContactTests.contactTest(ContactTests.java:33)
	at java.base/jdk.internal.reflect.DirectMethodHandleAccessor.invoke(DirectMethodHandleAccessor.java:104)
	at java.base/java.lang.reflect.Method.invoke(Method.java:578)
	at org.testng.internal.invokers.MethodInvocationHelper.invokeMethod(MethodInvocationHelper.java:139)
	at org.testng.internal.invokers.TestInvoker.invokeMethod(TestInvoker.java:677)
	at org.testng.internal.invokers.TestInvoker.invokeTestMethod(TestInvoker.java:221)
	at org.testng.internal.invokers.MethodRunner.runInSequence(MethodRunner.java:50)
	at org.testng.internal.invokers.TestInvoker$MethodInvocationAgent.invoke(TestInvoker.java:969)
	at org.testng.internal.invokers.TestInvoker.invokeTestMethods(TestInvoker.java:194)
	at org.testng.internal.invokers.TestMethodWorker.invokeTestMethods(TestMethodWorker.java:148)
	at org.testng.internal.invokers.TestMethodWorker.run(TestMethodWorker.java:128)
	at java.base/java.util.ArrayList.forEach(ArrayList.java:1511)
	at org.testng.TestRunner.privateRun(TestRunner.java:829)
	at org.testng.TestRunner.run(TestRunner.java:602)
	at org.testng.SuiteRunner.runTest(SuiteRunner.java:437)
	at org.testng.SuiteRunner.runSequentially(SuiteRunner.java:431)
	at org.testng.SuiteRunner.privateRun(SuiteRunner.java:391)
	at org.testng.SuiteRunner.run(SuiteRunner.java:330)
	at org.testng.SuiteRunnerWorker.runSuite(SuiteRunnerWorker.java:52)
	at org.testng.SuiteRunnerWorker.run(SuiteRunnerWorker.java:95)
	at org.testng.TestNG.runSuitesSequentially(TestNG.java:1256)
	at org.testng.TestNG.runSuitesLocally(TestNG.java:1176)
	at org.testng.TestNG.runSuites(TestNG.java:1099)
	at org.testng.TestNG.run(TestNG.java:1067)
	at org.apache.maven.surefire.testng.TestNGExecutor.run(TestNGExecutor.java:155)
	at org.apache.maven.surefire.testng.TestNGDirectoryTestSuite.executeSingleClass(TestNGDirectoryTestSuite.java:102)
	at org.apache.maven.surefire.testng.TestNGDirectoryTestSuite.execute(TestNGDirectoryTestSuite.java:91)
	at org.apache.maven.surefire.testng.TestNGProvider.invoke(TestNGProvider.java:137)
	at org.apache.maven.surefire.booter.ForkedBooter.runSuitesInProcess(ForkedBooter.java:385)
	at org.apache.maven.surefire.booter.ForkedBooter.execute(ForkedBooter.java:162)
	at org.apache.maven.surefire.booter.ForkedBooter.run(ForkedBooter.java:507)
	at org.apache.maven.surefire.booter.ForkedBooter.main(ForkedBooter.java:495)
]]></failure>
    <system-err><![CDATA[Oct 21, 2024 12:52:54 AM org.openqa.selenium.devtools.CdpVersionFinder findNearestMatch
WARNING: Unable to find CDP implementation matching 129
Oct 21, 2024 12:52:54 AM org.openqa.selenium.chromium.ChromiumDriver lambda$new$5
WARNING: Unable to find version of CDP to use for 129.0.6668.101. You may need to include a dependency on a specific version of the CDP using something similar to `org.seleniumhq.selenium:selenium-devtools-v86:4.12.1` where the version ("v86") matches the version of the chromium-based browser you're using and the version number of the artifact is the same as Selenium's.
]]></system-err>
  </testcase>
</testsuite>