<?xml version="1.0" encoding="UTF-8"?>
<!-- Generated by org.testng.reporters.JUnitReportReporter -->
<testsuite hostname="Jessicas-MacBook-Pro-3.local" failures="0" tests="1" name="contact.ContactTests" time="9.526" errors="0" timestamp="2023-09-18T13:14:13 MDT" skipped="0">
  <testcase classname="contact.ContactTests" name="contactTest" time="9.526"/>
  <system-out/>
</testsuite> <!-- contact.ContactTests -->
